commit b1f899078faca8a3d8608551c2ca8ed51ae1c006
Author: Nalisia Greenleaf <nalisia@cs.utexas.edu>
Date:   Thu Mar 24 17:23:03 2016 -0500

    include time estimates in README

commit 5d44c21e27efadd4e2dc635ebd20c8a49c51cd48
Author: Ethan Jennings <ethanhjennings@gmail.com>
Date:   Thu Mar 24 16:52:50 2016 -0500

    Updating API yet again

commit 37adb3ea93c16882196d8c01ff89dbcc115db3f3
Merge: 881752d b79ee11
Author: Omar Mahmud <omar1450@cs.utexas.edu>
Date:   Thu Mar 24 16:36:19 2016 -0500

    Pulling to fix pip install app on travis yml.

commit 881752d3289c60c2f4c1cb24c78e98af9fb4ca67
Merge: f722821 fa1172d
Author: Omar Mahmud <omar1450@cs.utexas.edu>
Date:   Thu Mar 24 16:35:37 2016 -0500

    Pulling in order to push travis.yml changes

commit b79ee1149739fbb727c119b42190f3a2e069f58e
Author: Ouyangzheng Huang <ouyang16@cs.utexas.edu>
Date:   Thu Mar 24 16:35:24 2016 -0500

    script for scraping Riot API and input file, currently reads from text file

commit f722821ca6829967d3ba03bac9bd0b1fc6b07c3c
Author: Omar Mahmud <omar1450@cs.utexas.edu>
Date:   Thu Mar 24 16:35:05 2016 -0500

    I took out the pip install app command from the travis.yml file.

commit fa1172dc8c764ca917d04f7a41713d6d6f5d6aab
Author: Ethan Jennings <ethanhjennings@gmail.com>
Date:   Thu Mar 24 16:30:17 2016 -0500

    Making makefile run by ignoring tests

commit 85772429e7561732fba5411b7601f79e50ee6482
Author: Ethan Jennings <ethanhjennings@gmail.com>
Date:   Thu Mar 24 16:26:44 2016 -0500

    Fixing apiary API

commit 96353707be64b1d3692e97c66c20da456a64846a
Author: Omar Mahmud <omar1450@cs.utexas.edu>
Date:   Wed Mar 23 23:25:21 2016 -0500

    I added pip install app to .travis.yml.

commit 86093ff97940b7bb8be47bc85eeb78ad17589b19
Author: Omar Mahmud <omar1450@cs.utexas.edu>
Date:   Wed Mar 23 23:22:57 2016 -0500

    I added pip install Flask-script and pip install flask-sqlalchemy to the travis.yml file.

commit 1e5f397f0d8b3c30a812ed7afae400de61148e13
Author: Ethan Jennings <ethanhjennings@gmail.com>
Date:   Wed Mar 23 23:21:31 2016 -0500

    Fixing models.py and adding models.html

commit 89d892cbd3044eaefe532e9791742c53cbe83cdd
Author: Omar Mahmud <omar1450@cs.utexas.edu>
Date:   Wed Mar 23 23:09:42 2016 -0500

    Adding pip install flask.ext.sqlalchemy to travis.yml.

commit 6de78414890c9d47bf40603409848452edc4363b
Author: Omar Mahmud <omar1450@cs.utexas.edu>
Date:   Wed Mar 23 23:07:35 2016 -0500

    I added pip install sqlalchemy to the .travis.yml file.

commit a621a69bbdb2d7d88d08911ac105721d460a3dc2
Author: Omar Mahmud <omar1450@cs.utexas.edu>
Date:   Wed Mar 23 23:03:45 2016 -0500

    I added pip install flask to the .travis.yml file.

commit 2909f42996a4cd0fb953a7237e807fecf1ccf554
Author: Omar Mahmud <omar1450@cs.utexas.edu>
Date:   Wed Mar 23 23:01:57 2016 -0500

    Removed the pip install json from the .travis.yml.

commit 00fba0759f4c4631e25918227b4bb6bc01220122
Author: Omar Mahmud <omar1450@cs.utexas.edu>
Date:   Wed Mar 23 22:59:50 2016 -0500

    Adding commands to install json and requests into travis.yml.

commit 4c3b87e99f721fc34b1f19b45adfd722c862577b
Author: Omar Mahmud <omar1450@cs.utexas.edu>
Date:   Wed Mar 23 22:55:13 2016 -0500

    Fixing test from makefile for travis.

commit b443e1080c8de7e6ff2524fa2046c00cb98154d7
Merge: 3e2ef24 de035a3
Author: Omar Mahmud <omar1450@cs.utexas.edu>
Date:   Wed Mar 23 22:50:02 2016 -0500

    Pulling dev branch in order to add fixed makefile.

commit 3e2ef24179d5e5546fbbd3b35edc4456f2f252e0
Author: Omar Mahmud <omar1450@cs.utexas.edu>
Date:   Wed Mar 23 22:48:53 2016 -0500

    I am fixing the make file adding test, model.html, and IDB1.log.

commit de035a36ec0ea41a0030e41c6c839a065d26ac03
Author: Ethan Jennings <ethanhjennings@gmail.com>
Date:   Wed Mar 23 22:45:32 2016 -0500

    Adding tests (broken for now)

commit 8acd2e2c078045df8d0d7c4d5f123048e3da1bb0
Merge: 74f13c0 b090a5f
Author: Ouyangzheng Huang <ouyang16@cs.utexas.edu>
Date:   Wed Mar 23 22:39:54 2016 -0500

    Merge branch 'dev' of https://github.com/Omar1450/cs373-idb into dev

commit b090a5f81cd7941579741fbb2c7d12a3b379fb97
Author: Omar Mahmud <omar1450@cs.utexas.edu>
Date:   Wed Mar 23 22:38:32 2016 -0500

    Correcting spelling error on travis file.

commit 74f13c0ecfc9f38b9ee163d5f44e62587c64ce82
Merge: 437b95f 86e4119
Author: Ouyangzheng Huang <ouyang16@cs.utexas.edu>
Date:   Wed Mar 23 22:36:43 2016 -0500

    Merge branch 'dev' of https://github.com/Omar1450/cs373-idb into dev

commit 437b95f0e92fabe108234c9a4ed01f2f91bd89c5
Author: Ouyangzheng Huang <ouyang16@cs.utexas.edu>
Date:   Wed Mar 23 22:35:42 2016 -0500

    Finished Models.py and its documentation, might need further inspection and correction

commit 86e41193b49f66b33477131db5c90e954b1f5f88
Author: Omar Mahmud <omar1450@cs.utexas.edu>
Date:   Wed Mar 23 22:34:33 2016 -0500

    I'm adding the travis yml file.

commit cd44189148dda698041ace8ba82c27d629ebc3d4
Author: Omar Mahmud <omar1450@cs.utexas.edu>
Date:   Wed Mar 23 22:32:12 2016 -0500

    I'm adding the makefile.

commit 6c30f139ec26132526f47a4e03275c91f0237dc6
Author: Omar Mahmud <omar1450@cs.utexas.edu>
Date:   Wed Mar 23 22:28:49 2016 -0500

    Change the UML Class diagram Name.

commit 8a3080bf3ce4be67e6e8b050d4c4ae8c4f47a13d
Merge: d104b6e f187f58
Author: Omar Mahmud <omar1450@cs.utexas.edu>
Date:   Wed Mar 23 21:36:00 2016 -0500

    Merge branch 'dev' of https://github.com/Omar1450/cs373-idb into dev

commit d104b6e26865990328679d85b1053855496bd3aa
Merge: dd1ecd6 a7994b8
Author: Omar Mahmud <omar1450@cs.utexas.edu>
Date:   Wed Mar 23 21:32:22 2016 -0500

    I am adding the UML Class diagram.

commit dd1ecd6b59c4adb1fbd11b1491763759a0a86d32
Author: Omar Mahmud <omar1450@cs.utexas.edu>
Date:   Wed Mar 23 21:30:34 2016 -0500

    I am adding the UML class diagram.

commit f187f5829f53bc42bc89b525bf03d7364738a234
Author: Ethan Jennings <ethanhjennings@gmail.com>
Date:   Wed Mar 23 21:30:24 2016 -0500

    Adding API documentation, fixes #13

commit a7994b886e38d330f4f5ca248f008b501eccaeae
Author: Ethan Jennings <ethanhjennings@gmail.com>
Date:   Wed Mar 23 21:29:17 2016 -0500

    first commit
